<?xml version="1.0" encoding="UTF-8"?>
<!-- Generated by org.testng.reporters.JUnitReportReporter -->
<testsuite hostname="DESKTOP-JG074OP" failures="0" tests="5" name="test.CalculatorTest" time="0.018" errors="0" timestamp="2021-09-11T13:11:14 EET" skipped="0">
  <testcase classname="test.CalculatorTest" name="testSubtract" time="0.001"/>
  <system-out/>
  <testcase classname="test.CalculatorTest" name="testDivide" time="0.002"/>
  <system-out/>
  <testcase classname="test.CalculatorTest" name="testDivideByZero" time="0.001"/>
  <system-out/>
  <testcase classname="test.CalculatorTest" name="testMultiply" time="0.001"/>
  <system-out/>
  <testcase classname="test.CalculatorTest" name="testAdd" time="0.013"/>
  <system-out/>
</testsuite> <!-- test.CalculatorTest -->
